Determining if the pthread_create exist failed with the following output:
Change Dir: /home/hal/workspace/build/CMakeFiles/CMakeTmp

Run Build Command:"/usr/bin/make" "cmTC_3f372/fast"
/usr/bin/make -f CMakeFiles/cmTC_3f372.dir/build.make CMakeFiles/cmTC_3f372.dir/build
make[1]: Entering directory '/home/hal/workspace/build/CMakeFiles/CMakeTmp'
Building C object CMakeFiles/cmTC_3f372.dir/CheckSymbolExists.c.o
/usr/bin/cc     -o CMakeFiles/cmTC_3f372.dir/CheckSymbolExists.c.o   -c /home/hal/workspace/build/CMakeFiles/CMakeTmp/CheckSymbolExists.c
Linking C executable cmTC_3f372
/usr/bin/cmake -E cmake_link_script CMakeFiles/cmTC_3f372.dir/link.txt --verbose=1
/usr/bin/cc       CMakeFiles/cmTC_3f372.dir/CheckSymbolExists.c.o  -o cmTC_3f372 -rdynamic 
CMakeFiles/cmTC_3f372.dir/CheckSymbolExists.c.o: In function `main':
CheckSymbolExists.c:(.text+0x16): undefined reference to `pthread_create'
collect2: error: ld returned 1 exit status
CMakeFiles/cmTC_3f372.dir/build.make:97: recipe for target 'cmTC_3f372' failed
make[1]: *** [cmTC_3f372] Error 1
make[1]: Leaving directory '/home/hal/workspace/build/CMakeFiles/CMakeTmp'
Makefile:126: recipe for target 'cmTC_3f372/fast' failed
make: *** [cmTC_3f372/fast] Error 2

File /home/hal/workspace/build/CMakeFiles/CMakeTmp/CheckSymbolExists.c:
/* */
#include <pthread.h>

int main(int argc, char** argv)
{
  (void)argv;
#ifndef pthread_create
  return ((int*)(&pthread_create))[argc];
#else
  (void)argc;
  return 0;
#endif
}

Determining if the function pthread_create exists in the pthreads failed with the following output:
Change Dir: /home/hal/workspace/build/CMakeFiles/CMakeTmp

Run Build Command:"/usr/bin/make" "cmTC_cff70/fast"
/usr/bin/make -f CMakeFiles/cmTC_cff70.dir/build.make CMakeFiles/cmTC_cff70.dir/build
make[1]: Entering directory '/home/hal/workspace/build/CMakeFiles/CMakeTmp'
Building C object CMakeFiles/cmTC_cff70.dir/CheckFunctionExists.c.o
/usr/bin/cc    -DCHECK_FUNCTION_EXISTS=pthread_create   -o CMakeFiles/cmTC_cff70.dir/CheckFunctionExists.c.o   -c /usr/share/cmake-3.5/Modules/CheckFunctionExists.c
Linking C executable cmTC_cff70
/usr/bin/cmake -E cmake_link_script CMakeFiles/cmTC_cff70.dir/link.txt --verbose=1
/usr/bin/cc   -DCHECK_FUNCTION_EXISTS=pthread_create    CMakeFiles/cmTC_cff70.dir/CheckFunctionExists.c.o  -o cmTC_cff70 -rdynamic -lpthreads 
/usr/bin/ld: cannot find -lpthreads
collect2: error: ld returned 1 exit status
CMakeFiles/cmTC_cff70.dir/build.make:97: recipe for target 'cmTC_cff70' failed
make[1]: *** [cmTC_cff70] Error 1
make[1]: Leaving directory '/home/hal/workspace/build/CMakeFiles/CMakeTmp'
Makefile:126: recipe for target 'cmTC_cff70/fast' failed
make: *** [cmTC_cff70/fast] Error 2


Determining if the CL_VERSION_2_0 exist failed with the following output:
Change Dir: /home/hal/workspace/build/CMakeFiles/CMakeTmp

Run Build Command:"/usr/bin/make" "cmTC_e2ad2/fast"
/usr/bin/make -f CMakeFiles/cmTC_e2ad2.dir/build.make CMakeFiles/cmTC_e2ad2.dir/build
make[1]: Entering directory '/home/hal/workspace/build/CMakeFiles/CMakeTmp'
Building C object CMakeFiles/cmTC_e2ad2.dir/CheckSymbolExists.c.o
/usr/bin/cc     -o CMakeFiles/cmTC_e2ad2.dir/CheckSymbolExists.c.o   -c /home/hal/workspace/build/CMakeFiles/CMakeTmp/CheckSymbolExists.c
/home/hal/workspace/build/CMakeFiles/CMakeTmp/CheckSymbolExists.c:2:47: fatal error: OpenCL_INCLUDE_DIR-NOTFOUND/CL/cl.h: No such file or directory
compilation terminated.
CMakeFiles/cmTC_e2ad2.dir/build.make:65: recipe for target 'CMakeFiles/cmTC_e2ad2.dir/CheckSymbolExists.c.o' failed
make[1]: *** [CMakeFiles/cmTC_e2ad2.dir/CheckSymbolExists.c.o] Error 1
make[1]: Leaving directory '/home/hal/workspace/build/CMakeFiles/CMakeTmp'
Makefile:126: recipe for target 'cmTC_e2ad2/fast' failed
make: *** [cmTC_e2ad2/fast] Error 2

File /home/hal/workspace/build/CMakeFiles/CMakeTmp/CheckSymbolExists.c:
/* */
#include <OpenCL_INCLUDE_DIR-NOTFOUND/CL/cl.h>

int main(int argc, char** argv)
{
  (void)argv;
#ifndef CL_VERSION_2_0
  return ((int*)(&CL_VERSION_2_0))[argc];
#else
  (void)argc;
  return 0;
#endif
}

Determining if the CL_VERSION_1_2 exist failed with the following output:
Change Dir: /home/hal/workspace/build/CMakeFiles/CMakeTmp

Run Build Command:"/usr/bin/make" "cmTC_050ca/fast"
/usr/bin/make -f CMakeFiles/cmTC_050ca.dir/build.make CMakeFiles/cmTC_050ca.dir/build
make[1]: Entering directory '/home/hal/workspace/build/CMakeFiles/CMakeTmp'
Building C object CMakeFiles/cmTC_050ca.dir/CheckSymbolExists.c.o
/usr/bin/cc     -o CMakeFiles/cmTC_050ca.dir/CheckSymbolExists.c.o   -c /home/hal/workspace/build/CMakeFiles/CMakeTmp/CheckSymbolExists.c
/home/hal/workspace/build/CMakeFiles/CMakeTmp/CheckSymbolExists.c:2:47: fatal error: OpenCL_INCLUDE_DIR-NOTFOUND/CL/cl.h: No such file or directory
compilation terminated.
CMakeFiles/cmTC_050ca.dir/build.make:65: recipe for target 'CMakeFiles/cmTC_050ca.dir/CheckSymbolExists.c.o' failed
make[1]: *** [CMakeFiles/cmTC_050ca.dir/CheckSymbolExists.c.o] Error 1
make[1]: Leaving directory '/home/hal/workspace/build/CMakeFiles/CMakeTmp'
Makefile:126: recipe for target 'cmTC_050ca/fast' failed
make: *** [cmTC_050ca/fast] Error 2

File /home/hal/workspace/build/CMakeFiles/CMakeTmp/CheckSymbolExists.c:
/* */
#include <OpenCL_INCLUDE_DIR-NOTFOUND/CL/cl.h>

int main(int argc, char** argv)
{
  (void)argv;
#ifndef CL_VERSION_1_2
  return ((int*)(&CL_VERSION_1_2))[argc];
#else
  (void)argc;
  return 0;
#endif
}

Determining if the CL_VERSION_1_1 exist failed with the following output:
Change Dir: /home/hal/workspace/build/CMakeFiles/CMakeTmp

Run Build Command:"/usr/bin/make" "cmTC_120d7/fast"
/usr/bin/make -f CMakeFiles/cmTC_120d7.dir/build.make CMakeFiles/cmTC_120d7.dir/build
make[1]: Entering directory '/home/hal/workspace/build/CMakeFiles/CMakeTmp'
Building C object CMakeFiles/cmTC_120d7.dir/CheckSymbolExists.c.o
/usr/bin/cc     -o CMakeFiles/cmTC_120d7.dir/CheckSymbolExists.c.o   -c /home/hal/workspace/build/CMakeFiles/CMakeTmp/CheckSymbolExists.c
/home/hal/workspace/build/CMakeFiles/CMakeTmp/CheckSymbolExists.c:2:47: fatal error: OpenCL_INCLUDE_DIR-NOTFOUND/CL/cl.h: No such file or directory
compilation terminated.
CMakeFiles/cmTC_120d7.dir/build.make:65: recipe for target 'CMakeFiles/cmTC_120d7.dir/CheckSymbolExists.c.o' failed
make[1]: *** [CMakeFiles/cmTC_120d7.dir/CheckSymbolExists.c.o] Error 1
make[1]: Leaving directory '/home/hal/workspace/build/CMakeFiles/CMakeTmp'
Makefile:126: recipe for target 'cmTC_120d7/fast' failed
make: *** [cmTC_120d7/fast] Error 2

File /home/hal/workspace/build/CMakeFiles/CMakeTmp/CheckSymbolExists.c:
/* */
#include <OpenCL_INCLUDE_DIR-NOTFOUND/CL/cl.h>

int main(int argc, char** argv)
{
  (void)argv;
#ifndef CL_VERSION_1_1
  return ((int*)(&CL_VERSION_1_1))[argc];
#else
  (void)argc;
  return 0;
#endif
}

Determining if the CL_VERSION_1_0 exist failed with the following output:
Change Dir: /home/hal/workspace/build/CMakeFiles/CMakeTmp

Run Build Command:"/usr/bin/make" "cmTC_9efdf/fast"
/usr/bin/make -f CMakeFiles/cmTC_9efdf.dir/build.make CMakeFiles/cmTC_9efdf.dir/build
make[1]: Entering directory '/home/hal/workspace/build/CMakeFiles/CMakeTmp'
Building C object CMakeFiles/cmTC_9efdf.dir/CheckSymbolExists.c.o
/usr/bin/cc     -o CMakeFiles/cmTC_9efdf.dir/CheckSymbolExists.c.o   -c /home/hal/workspace/build/CMakeFiles/CMakeTmp/CheckSymbolExists.c
/home/hal/workspace/build/CMakeFiles/CMakeTmp/CheckSymbolExists.c:2:47: fatal error: OpenCL_INCLUDE_DIR-NOTFOUND/CL/cl.h: No such file or directory
compilation terminated.
CMakeFiles/cmTC_9efdf.dir/build.make:65: recipe for target 'CMakeFiles/cmTC_9efdf.dir/CheckSymbolExists.c.o' failed
make[1]: *** [CMakeFiles/cmTC_9efdf.dir/CheckSymbolExists.c.o] Error 1
make[1]: Leaving directory '/home/hal/workspace/build/CMakeFiles/CMakeTmp'
Makefile:126: recipe for target 'cmTC_9efdf/fast' failed
make: *** [cmTC_9efdf/fast] Error 2

File /home/hal/workspace/build/CMakeFiles/CMakeTmp/CheckSymbolExists.c:
/* */
#include <OpenCL_INCLUDE_DIR-NOTFOUND/CL/cl.h>

int main(int argc, char** argv)
{
  (void)argv;
#ifndef CL_VERSION_1_0
  return ((int*)(&CL_VERSION_1_0))[argc];
#else
  (void)argc;
  return 0;
#endif
}

Performing C++ SOURCE FILE Test OpenCL_CXX_WORKS failed with the following output:
Change Dir: /home/hal/workspace/build/CMakeFiles/CMakeTmp

Run Build Command:"/usr/bin/make" "cmTC_5eb69/fast"
make[1]: Entering directory '/home/hal/workspace/build/CMakeFiles/CMakeTmp'
/usr/bin/make -f CMakeFiles/cmTC_5eb69.dir/build.make CMakeFiles/cmTC_5eb69.dir/build
make[2]: Entering directory '/home/hal/workspace/build/CMakeFiles/CMakeTmp'
Building CXX object CMakeFiles/cmTC_5eb69.dir/src.cxx.o
/usr/bin/c++    -I/include/internal  -DBT_USE_DOUBLE_PRECISION -Wall -Wuninitialized -Winit-self -Wunused-function -Wunused-label -Wunused-variable -Wunused-but-set-variable -Wunused-but-set-parameter -Warray-bounds -Wtype-limits -Wreturn-type -Wsequence-point -Wparentheses -Wmissing-braces -Wchar-subscripts -Wswitch -Wwrite-strings -Wenum-compare -Wempty-body -std=c++11 -fopenmp -DOpenCL_CXX_WORKS   -o CMakeFiles/cmTC_5eb69.dir/src.cxx.o -c /home/hal/workspace/build/CMakeFiles/CMakeTmp/src.cxx
/home/hal/workspace/build/CMakeFiles/CMakeTmp/src.cxx:2:21: fatal error: CL/cl.hpp: No such file or directory
compilation terminated.
CMakeFiles/cmTC_5eb69.dir/build.make:65: recipe for target 'CMakeFiles/cmTC_5eb69.dir/src.cxx.o' failed
make[2]: *** [CMakeFiles/cmTC_5eb69.dir/src.cxx.o] Error 1
make[2]: Leaving directory '/home/hal/workspace/build/CMakeFiles/CMakeTmp'
Makefile:126: recipe for target 'cmTC_5eb69/fast' failed
make[1]: *** [cmTC_5eb69/fast] Error 2
make[1]: Leaving directory '/home/hal/workspace/build/CMakeFiles/CMakeTmp'

Source file was:

#include <CL/cl.hpp>
int main() {
  cl::Context context;
  cl::Platform platform;
  cl::Device device;
  return 0;
}
Determining if the include file pgm.h exists failed with the following output:
Change Dir: /home/hal/workspace/build/CMakeFiles/CMakeTmp

Run Build Command:"/usr/bin/make" "cmTC_e1b95/fast"
make[1]: Entering directory '/home/hal/workspace/build/CMakeFiles/CMakeTmp'
/usr/bin/make -f CMakeFiles/cmTC_e1b95.dir/build.make CMakeFiles/cmTC_e1b95.dir/build
make[2]: Entering directory '/home/hal/workspace/build/CMakeFiles/CMakeTmp'
Building CXX object CMakeFiles/cmTC_e1b95.dir/CheckIncludeFile.cxx.o
/usr/bin/c++      -o CMakeFiles/cmTC_e1b95.dir/CheckIncludeFile.cxx.o -c /home/hal/workspace/build/CMakeFiles/CMakeTmp/CheckIncludeFile.cxx
/home/hal/workspace/build/CMakeFiles/CMakeTmp/CheckIncludeFile.cxx:1:17: fatal error: pgm.h: No such file or directory
compilation terminated.
CMakeFiles/cmTC_e1b95.dir/build.make:65: recipe for target 'CMakeFiles/cmTC_e1b95.dir/CheckIncludeFile.cxx.o' failed
make[2]: *** [CMakeFiles/cmTC_e1b95.dir/CheckIncludeFile.cxx.o] Error 1
make[2]: Leaving directory '/home/hal/workspace/build/CMakeFiles/CMakeTmp'
Makefile:126: recipe for target 'cmTC_e1b95/fast' failed
make[1]: *** [cmTC_e1b95/fast] Error 2
make[1]: Leaving directory '/home/hal/workspace/build/CMakeFiles/CMakeTmp'


